0 info it worked if it ends with ok
1 verbose cli [ '/usr/local/bin/node', '/usr/local/bin/npm', 'start' ]
2 info using npm@3.5.2
3 info using node@v4.2.3
4 verbose run-script [ 'prestart', 'start', 'poststart' ]
5 info lifecycle tutorial@1.0.0~prestart: tutorial@1.0.0
6 silly lifecycle tutorial@1.0.0~prestart: no script for prestart, continuing
7 info lifecycle tutorial@1.0.0~start: tutorial@1.0.0
8 verbose lifecycle tutorial@1.0.0~start: unsafe-perm in lifecycle true
9 verbose lifecycle tutorial@1.0.0~start: PATH: /usr/local/lib/node_modules/npm/bin/node-gyp-bin:/home/daipeng/tmp/react-tmp/react-demos/tutorial/node_modules/.bin:/home/daipeng/app/jdk7/bin:/home/daipeng/bin:/usr/local/bin:/home/daipeng/bin:/usr/local/sbin:/usr/local/bin:/usr/sbin:/usr/bin:/sbin:/bin:/usr/games:/usr/local/games:/home/daipeng/app/android-sdk-linux/tools:/home/daipeng/app/android-sdk-linux/platform-tools:/home/daipeng/app/scala-2.11.7/bin:/home/daipeng/app/go1.5.3/bin:/home/daipeng/tmp/mygo1.5/bin:/home/daipeng/app/gradle-2.10//bin
10 verbose lifecycle tutorial@1.0.0~start: CWD: /home/daipeng/tmp/react-tmp/react-demos/tutorial
11 silly lifecycle tutorial@1.0.0~start: Args: [ '-c', 'python server.py' ]
12 silly lifecycle tutorial@1.0.0~start: Returned: code: 1  signal: null
13 info lifecycle tutorial@1.0.0~start: Failed to exec start script
14 verbose stack Error: tutorial@1.0.0 start: `python server.py`
14 verbose stack Exit status 1
14 verbose stack     at EventEmitter.<anonymous> (/usr/local/lib/node_modules/npm/lib/utils/lifecycle.js:232:16)
14 verbose stack     at emitTwo (events.js:87:13)
14 verbose stack     at EventEmitter.emit (events.js:172:7)
14 verbose stack     at ChildProcess.<anonymous> (/usr/local/lib/node_modules/npm/lib/utils/spawn.js:24:14)
14 verbose stack     at emitTwo (events.js:87:13)
14 verbose stack     at ChildProcess.emit (events.js:172:7)
14 verbose stack     at maybeClose (internal/child_process.js:818:16)
14 verbose stack     at Process.ChildProcess._handle.onexit (internal/child_process.js:211:5)
15 verbose pkgid tutorial@1.0.0
16 verbose cwd /home/daipeng/tmp/react-tmp/react-demos/tutorial
17 error Linux 3.16.0-30-generic
18 error argv "/usr/local/bin/node" "/usr/local/bin/npm" "start"
19 error node v4.2.3
20 error npm  v3.5.2
21 error code ELIFECYCLE
22 error tutorial@1.0.0 start: `python server.py`
22 error Exit status 1
23 error Failed at the tutorial@1.0.0 start script 'python server.py'.
23 error Make sure you have the latest version of node.js and npm installed.
23 error If you do, this is most likely a problem with the tutorial package,
23 error not with npm itself.
23 error Tell the author that this fails on your system:
23 error     python server.py
23 error You can get information on how to open an issue for this project with:
23 error     npm bugs tutorial
23 error Or if that isn't available, you can get their info via:
23 error     npm owner ls tutorial
23 error There is likely additional logging output above.
24 verbose exit [ 1, true ]
